  BpTree.cpp
C:\Users\류화랑\source\repos\2017202082_DS_Project_2\2017202082_DS_Project_2\2017202082_DS_Project_2\FrequentPatternNode.h(11,20): error C2065: 'string': 선언되지 않은 식별자입니다.
C:\Users\류화랑\source\repos\2017202082_DS_Project_2\2017202082_DS_Project_2\2017202082_DS_Project_2\FrequentPatternNode.h(11,16): error C2923: 'std::set': 'string'은(는) '_Kty' 매개 변수에 대한 올바른 템플릿 형식 인수가 아닙니다.
C:\Users\류화랑\source\repos\2017202082_DS_Project_2\2017202082_DS_Project_2\2017202082_DS_Project_2\FrequentPatternNode.h(11,16): error C2976: 'std::set': 템플릿 인수가 너무 적습니다.
C:\Program Files (x86)\Microsoft Visual Studio\2019\Community\VC\Tools\MSVC\14.26.28801\include\set(54): message : 'std::set' 선언을 참조하십시오.
C:\Users\류화랑\source\repos\2017202082_DS_Project_2\2017202082_DS_Project_2\2017202082_DS_Project_2\FrequentPatternNode.h(11,16): error C3203: 'set': 특수화되지 않은 클래스 템플릿은(는) 템플릿 매개 변수 '_Ty'에 대한 템플릿 인수로 사용할 수 없습니다. 실제 형식이 필요합니다.
C:\Users\류화랑\source\repos\2017202082_DS_Project_2\2017202082_DS_Project_2\2017202082_DS_Project_2\FrequentPatternNode.h(15,24): error C2535: 'FrequentPatternNode::FrequentPatternNode(void)': 멤버 함수를 이미 정의했거나 선언했습니다.
C:\Users\류화랑\source\repos\2017202082_DS_Project_2\2017202082_DS_Project_2\2017202082_DS_Project_2\FrequentPatternNode.h(14): message : 'FrequentPatternNode::FrequentPatternNode' 선언을 참조하십시오.
C:\Users\류화랑\source\repos\2017202082_DS_Project_2\2017202082_DS_Project_2\2017202082_DS_Project_2\FrequentPatternNode.h(17,22): error C2065: 'string': 선언되지 않은 식별자입니다.
C:\Users\류화랑\source\repos\2017202082_DS_Project_2\2017202082_DS_Project_2\2017202082_DS_Project_2\FrequentPatternNode.h(17,18): error C2923: 'std::set': 'string'은(는) '_Kty' 매개 변수에 대한 올바른 템플릿 형식 인수가 아닙니다.
C:\Users\류화랑\source\repos\2017202082_DS_Project_2\2017202082_DS_Project_2\2017202082_DS_Project_2\FrequentPatternNode.h(17,18): error C2976: 'std::set': 템플릿 인수가 너무 적습니다.
C:\Program Files (x86)\Microsoft Visual Studio\2019\Community\VC\Tools\MSVC\14.26.28801\include\set(54): message : 'std::set' 선언을 참조하십시오.
C:\Users\류화랑\source\repos\2017202082_DS_Project_2\2017202082_DS_Project_2\2017202082_DS_Project_2\FrequentPatternNode.h(19,20): error C2065: 'string': 선언되지 않은 식별자입니다.
C:\Users\류화랑\source\repos\2017202082_DS_Project_2\2017202082_DS_Project_2\2017202082_DS_Project_2\FrequentPatternNode.h(19,16): error C2923: 'std::set': 'string'은(는) '_Kty' 매개 변수에 대한 올바른 템플릿 형식 인수가 아닙니다.
C:\Users\류화랑\source\repos\2017202082_DS_Project_2\2017202082_DS_Project_2\2017202082_DS_Project_2\FrequentPatternNode.h(19,16): error C2976: 'std::set': 템플릿 인수가 너무 적습니다.
C:\Program Files (x86)\Microsoft Visual Studio\2019\Community\VC\Tools\MSVC\14.26.28801\include\set(54): message : 'std::set' 선언을 참조하십시오.
C:\Users\류화랑\source\repos\2017202082_DS_Project_2\2017202082_DS_Project_2\2017202082_DS_Project_2\FrequentPatternNode.h(19,16): error C3203: 'set': 특수화되지 않은 클래스 템플릿은(는) 템플릿 매개 변수 '_Ty'에 대한 템플릿 인수로 사용할 수 없습니다. 실제 형식이 필요합니다.
C:\Users\류화랑\source\repos\2017202082_DS_Project_2\2017202082_DS_Project_2\2017202082_DS_Project_2\FrequentPatternNode.h(15,26): error C2065: 'SubSetList': 선언되지 않은 식별자입니다.
C:\Users\류화랑\source\repos\2017202082_DS_Project_2\2017202082_DS_Project_2\2017202082_DS_Project_2\FrequentPatternNode.h(17,83): error C2065: 'string': 선언되지 않은 식별자입니다.
C:\Users\류화랑\source\repos\2017202082_DS_Project_2\2017202082_DS_Project_2\2017202082_DS_Project_2\FrequentPatternNode.h(17,79): error C2923: 'std::set': 'string'은(는) '_Kty' 매개 변수에 대한 올바른 템플릿 형식 인수가 아닙니다.
C:\Users\류화랑\source\repos\2017202082_DS_Project_2\2017202082_DS_Project_2\2017202082_DS_Project_2\FrequentPatternNode.h(17,79): error C2976: 'std::set': 템플릿 인수가 너무 적습니다.
C:\Program Files (x86)\Microsoft Visual Studio\2019\Community\VC\Tools\MSVC\14.26.28801\include\set(54): message : 'std::set' 선언을 참조하십시오.
C:\Users\류화랑\source\repos\2017202082_DS_Project_2\2017202082_DS_Project_2\2017202082_DS_Project_2\FrequentPatternNode.h(17,79): error C3203: 'set': 특수화되지 않은 클래스 템플릿은(는) 템플릿 매개 변수 '_Ty'에 대한 템플릿 인수로 사용할 수 없습니다. 실제 형식이 필요합니다.
C:\Users\류화랑\source\repos\2017202082_DS_Project_2\2017202082_DS_Project_2\2017202082_DS_Project_2\FrequentPatternNode.h(17,36): error C2662: 'allocator_traits<allocator_traits<_Traits::allocator_type>::rebind_alloc<_Traits::value_type>>::size_type std::_Tree<_Traits>::size(void) noexcept const': 'this' 포인터를 'std::set'에서 'const std::_Tree<_Traits> &'(으)로 변환할 수 없습니다.
C:\Users\류화랑\source\repos\2017202082_DS_Project_2\2017202082_DS_Project_2\2017202082_DS_Project_2\FrequentPatternNode.h(17,36): message : 원인: 'std::set'에서 'const std::_Tree<_Traits>'(으)로 변환할 수 없습니다.
C:\Users\류화랑\source\repos\2017202082_DS_Project_2\2017202082_DS_Project_2\2017202082_DS_Project_2\FrequentPatternNode.h(17,104): message : 변환하려면 둘째 사용자 정의 변환 연산자 또는 생성자가 있어야 합니다.
C:\Program Files (x86)\Microsoft Visual Studio\2019\Community\VC\Tools\MSVC\14.26.28801\include\xtree(1304,26): message : 'std::_Tree<_Traits>::size' 선언을 참조하십시오.
C:\Users\류화랑\source\repos\2017202082_DS_Project_2\2017202082_DS_Project_2\2017202082_DS_Project_2\FrequentPatternNode.h(17,36): error C2440: '<function-style-cast>': 'std::set'에서 'std::pair<const int,int>'(으)로 변환할 수 없습니다.
C:\Users\류화랑\source\repos\2017202082_DS_Project_2\2017202082_DS_Project_2\2017202082_DS_Project_2\FrequentPatternNode.h(17,36): message : 소스 형식을 가져올 수 있는 생성자가 없거나 생성자 오버로드 확인이 모호합니다.
C:\Users\류화랑\source\repos\2017202082_DS_Project_2\2017202082_DS_Project_2\2017202082_DS_Project_2\FrequentPatternNode.h(17,93): error C2064: 항은 2개의 인수를 받아들이는 함수로 계산되지 않습니다.
C:\Users\류화랑\source\repos\2017202082_DS_Project_2\2017202082_DS_Project_2\2017202082_DS_Project_2\FPNode.h(14,6): error C2065: 'string': 선언되지 않은 식별자입니다.
C:\Users\류화랑\source\repos\2017202082_DS_Project_2\2017202082_DS_Project_2\2017202082_DS_Project_2\FPNode.h(14,2): error C2923: 'std::map': 'string'은(는) '_Kty' 매개 변수에 대한 올바른 템플릿 형식 인수가 아닙니다.
C:\Users\류화랑\source\repos\2017202082_DS_Project_2\2017202082_DS_Project_2\2017202082_DS_Project_2\FPNode.h(14,2): error C2976: 'std::map': 템플릿 인수가 너무 적습니다.
C:\Program Files (x86)\Microsoft Visual Studio\2019\Community\VC\Tools\MSVC\14.26.28801\include\map(75): message : 'std::map' 선언을 참조하십시오.
C:\Users\류화랑\source\repos\2017202082_DS_Project_2\2017202082_DS_Project_2\2017202082_DS_Project_2\FPNode.h(20,27): error C2061: 구문 오류: 식별자 'string'
C:\Users\류화랑\source\repos\2017202082_DS_Project_2\2017202082_DS_Project_2\2017202082_DS_Project_2\FPNode.h(28,33): error C2061: 구문 오류: 식별자 'string'
C:\Users\류화랑\source\repos\2017202082_DS_Project_2\2017202082_DS_Project_2\2017202082_DS_Project_2\FPNode.h(29,6): error C2065: 'string': 선언되지 않은 식별자입니다.
C:\Users\류화랑\source\repos\2017202082_DS_Project_2\2017202082_DS_Project_2\2017202082_DS_Project_2\FPNode.h(29,2): error C2923: 'std::map': 'string'은(는) '_Kty' 매개 변수에 대한 올바른 템플릿 형식 인수가 아닙니다.
C:\Users\류화랑\source\repos\2017202082_DS_Project_2\2017202082_DS_Project_2\2017202082_DS_Project_2\FPNode.h(29,2): error C2976: 'std::map': 템플릿 인수가 너무 적습니다.
C:\Program Files (x86)\Microsoft Visual Studio\2019\Community\VC\Tools\MSVC\14.26.28801\include\map(75): message : 'std::map' 선언을 참조하십시오.
C:\Users\류화랑\source\repos\2017202082_DS_Project_2\2017202082_DS_Project_2\2017202082_DS_Project_2\FPNode.h(20,69): error C2065: 'string': 선언되지 않은 식별자입니다.
C:\Users\류화랑\source\repos\2017202082_DS_Project_2\2017202082_DS_Project_2\2017202082_DS_Project_2\FPNode.h(20,65): error C2923: 'std::map': 'string'은(는) '_Kty' 매개 변수에 대한 올바른 템플릿 형식 인수가 아닙니다.
C:\Users\류화랑\source\repos\2017202082_DS_Project_2\2017202082_DS_Project_2\2017202082_DS_Project_2\FPNode.h(20,65): error C2976: 'std::map': 템플릿 인수가 너무 적습니다.
C:\Program Files (x86)\Microsoft Visual Studio\2019\Community\VC\Tools\MSVC\14.26.28801\include\map(75): message : 'std::map' 선언을 참조하십시오.
C:\Users\류화랑\source\repos\2017202082_DS_Project_2\2017202082_DS_Project_2\2017202082_DS_Project_2\FPNode.h(20,87): error C2955: 'std::map': 클래스 템플릿을(를) 사용하려면 템플릿 인수 목록이 필요합니다.
C:\Program Files (x86)\Microsoft Visual Studio\2019\Community\VC\Tools\MSVC\14.26.28801\include\map(75): message : 'std::map' 선언을 참조하십시오.
C:\Users\류화랑\source\repos\2017202082_DS_Project_2\2017202082_DS_Project_2\2017202082_DS_Project_2\FPNode.h(20,104): error C2065: 'node': 선언되지 않은 식별자입니다.
C:\Users\류화랑\source\repos\2017202082_DS_Project_2\2017202082_DS_Project_2\2017202082_DS_Project_2\FPNode.h(20,57): error C2663: 'std::_Tree<_Traits>::insert': 3개의 오버로드에서 'this' 포인터에 대한 변환이 잘못되었습니다.
C:\Users\류화랑\source\repos\2017202082_DS_Project_2\2017202082_DS_Project_2\2017202082_DS_Project_2\FPNode.h(21,29): error C4996: 'strcpy': This function or variable may be unsafe. Consider using strcpy_s instead. To disable deprecation, use _CRT_SECURE_NO_WARNINGS. See online help for details.
C:\Users\류화랑\source\repos\2017202082_DS_Project_2\2017202082_DS_Project_2\2017202082_DS_Project_2\FPNode.h(29,37): error C2440: 'return': 'std::map'에서 'std::map'(으)로 변환할 수 없습니다.
C:\Users\류화랑\source\repos\2017202082_DS_Project_2\2017202082_DS_Project_2\2017202082_DS_Project_2\FPNode.h(29,37): message : 복사 생성자가 모호하거나 사용할 수 있는 복사 생성자가 없어서 class 'std::map'을(를) 복사 생성할 수 없습니다.
C:\Users\류화랑\source\repos\2017202082_DS_Project_2\2017202082_DS_Project_2\2017202082_DS_Project_2\BpTree.cpp(22,38): warning C4018: '>': signed 또는 unsigned가 일치하지 않습니다.
C:\Users\류화랑\source\repos\2017202082_DS_Project_2\2017202082_DS_Project_2\2017202082_DS_Project_2\BpTree.cpp(27,40): warning C4018: '>': signed 또는 unsigned가 일치하지 않습니다.
  FPGrowth.cpp
C:\Users\류화랑\source\repos\2017202082_DS_Project_2\2017202082_DS_Project_2\2017202082_DS_Project_2\FPNode.h(14,6): error C2065: 'string': 선언되지 않은 식별자입니다.
C:\Users\류화랑\source\repos\2017202082_DS_Project_2\2017202082_DS_Project_2\2017202082_DS_Project_2\FPNode.h(14,2): error C2923: 'std::map': 'string'은(는) '_Kty' 매개 변수에 대한 올바른 템플릿 형식 인수가 아닙니다.
C:\Users\류화랑\source\repos\2017202082_DS_Project_2\2017202082_DS_Project_2\2017202082_DS_Project_2\FPNode.h(14,2): error C2976: 'std::map': 템플릿 인수가 너무 적습니다.
C:\Program Files (x86)\Microsoft Visual Studio\2019\Community\VC\Tools\MSVC\14.26.28801\include\map(75): message : 'std::map' 선언을 참조하십시오.
C:\Users\류화랑\source\repos\2017202082_DS_Project_2\2017202082_DS_Project_2\2017202082_DS_Project_2\FPNode.h(20,27): error C2061: 구문 오류: 식별자 'string'
C:\Users\류화랑\source\repos\2017202082_DS_Project_2\2017202082_DS_Project_2\2017202082_DS_Project_2\FPNode.h(28,33): error C2061: 구문 오류: 식별자 'string'
C:\Users\류화랑\source\repos\2017202082_DS_Project_2\2017202082_DS_Project_2\2017202082_DS_Project_2\FPNode.h(29,6): error C2065: 'string': 선언되지 않은 식별자입니다.
C:\Users\류화랑\source\repos\2017202082_DS_Project_2\2017202082_DS_Project_2\2017202082_DS_Project_2\FPNode.h(29,2): error C2923: 'std::map': 'string'은(는) '_Kty' 매개 변수에 대한 올바른 템플릿 형식 인수가 아닙니다.
C:\Users\류화랑\source\repos\2017202082_DS_Project_2\2017202082_DS_Project_2\2017202082_DS_Project_2\FPNode.h(29,2): error C2976: 'std::map': 템플릿 인수가 너무 적습니다.
C:\Program Files (x86)\Microsoft Visual Studio\2019\Community\VC\Tools\MSVC\14.26.28801\include\map(75): message : 'std::map' 선언을 참조하십시오.
C:\Users\류화랑\source\repos\2017202082_DS_Project_2\2017202082_DS_Project_2\2017202082_DS_Project_2\FPNode.h(20,69): error C2065: 'string': 선언되지 않은 식별자입니다.
C:\Users\류화랑\source\repos\2017202082_DS_Project_2\2017202082_DS_Project_2\2017202082_DS_Project_2\FPNode.h(20,65): error C2923: 'std::map': 'string'은(는) '_Kty' 매개 변수에 대한 올바른 템플릿 형식 인수가 아닙니다.
C:\Users\류화랑\source\repos\2017202082_DS_Project_2\2017202082_DS_Project_2\2017202082_DS_Project_2\FPNode.h(20,65): error C2976: 'std::map': 템플릿 인수가 너무 적습니다.
C:\Program Files (x86)\Microsoft Visual Studio\2019\Community\VC\Tools\MSVC\14.26.28801\include\map(75): message : 'std::map' 선언을 참조하십시오.
C:\Users\류화랑\source\repos\2017202082_DS_Project_2\2017202082_DS_Project_2\2017202082_DS_Project_2\FPNode.h(20,87): error C2955: 'std::map': 클래스 템플릿을(를) 사용하려면 템플릿 인수 목록이 필요합니다.
C:\Program Files (x86)\Microsoft Visual Studio\2019\Community\VC\Tools\MSVC\14.26.28801\include\map(75): message : 'std::map' 선언을 참조하십시오.
C:\Users\류화랑\source\repos\2017202082_DS_Project_2\2017202082_DS_Project_2\2017202082_DS_Project_2\FPNode.h(20,104): error C2065: 'node': 선언되지 않은 식별자입니다.
C:\Users\류화랑\source\repos\2017202082_DS_Project_2\2017202082_DS_Project_2\2017202082_DS_Project_2\FPNode.h(20,57): error C2663: 'std::_Tree<_Traits>::insert': 3개의 오버로드에서 'this' 포인터에 대한 변환이 잘못되었습니다.
C:\Users\류화랑\source\repos\2017202082_DS_Project_2\2017202082_DS_Project_2\2017202082_DS_Project_2\FPNode.h(21,29): error C4996: 'strcpy': This function or variable may be unsafe. Consider using strcpy_s instead. To disable deprecation, use _CRT_SECURE_NO_WARNINGS. See online help for details.
C:\Users\류화랑\source\repos\2017202082_DS_Project_2\2017202082_DS_Project_2\2017202082_DS_Project_2\FPNode.h(29,37): error C2440: 'return': 'std::map'에서 'std::map'(으)로 변환할 수 없습니다.
C:\Users\류화랑\source\repos\2017202082_DS_Project_2\2017202082_DS_Project_2\2017202082_DS_Project_2\FPNode.h(29,37): message : 복사 생성자가 모호하거나 사용할 수 있는 복사 생성자가 없어서 class 'std::map'을(를) 복사 생성할 수 없습니다.
C:\Users\류화랑\source\repos\2017202082_DS_Project_2\2017202082_DS_Project_2\2017202082_DS_Project_2\HeaderTable.h(8,17): error C2065: 'string': 선언되지 않은 식별자입니다.
C:\Users\류화랑\source\repos\2017202082_DS_Project_2\2017202082_DS_Project_2\2017202082_DS_Project_2\HeaderTable.h(8,7): error C2923: 'std::pair': 'string'은(는) '_Ty2' 매개 변수에 대한 올바른 템플릿 형식 인수가 아닙니다.
C:\Users\류화랑\source\repos\2017202082_DS_Project_2\2017202082_DS_Project_2\2017202082_DS_Project_2\HeaderTable.h(8,7): error C3203: 'pair': 특수화되지 않은 클래스 템플릿은(는) 템플릿 매개 변수 '_Ty'에 대한 템플릿 인수로 사용할 수 없습니다. 실제 형식이 필요합니다.
C:\Users\류화랑\source\repos\2017202082_DS_Project_2\2017202082_DS_Project_2\2017202082_DS_Project_2\HeaderTable.h(9,6): error C2065: 'string': 선언되지 않은 식별자입니다.
C:\Users\류화랑\source\repos\2017202082_DS_Project_2\2017202082_DS_Project_2\2017202082_DS_Project_2\HeaderTable.h(9,2): error C2923: 'std::map': 'string'은(는) '_Kty' 매개 변수에 대한 올바른 템플릿 형식 인수가 아닙니다.
C:\Users\류화랑\source\repos\2017202082_DS_Project_2\2017202082_DS_Project_2\2017202082_DS_Project_2\HeaderTable.h(9,2): error C2976: 'std::map': 템플릿 인수가 너무 적습니다.
C:\Program Files (x86)\Microsoft Visual Studio\2019\Community\VC\Tools\MSVC\14.26.28801\include\map(75): message : 'std::map' 선언을 참조하십시오.
C:\Users\류화랑\source\repos\2017202082_DS_Project_2\2017202082_DS_Project_2\2017202082_DS_Project_2\HeaderTable.h(14,17): error C2065: 'string': 선언되지 않은 식별자입니다.
C:\Users\류화랑\source\repos\2017202082_DS_Project_2\2017202082_DS_Project_2\2017202082_DS_Project_2\HeaderTable.h(14,7): error C2923: 'std::pair': 'string'은(는) '_Ty2' 매개 변수에 대한 올바른 템플릿 형식 인수가 아닙니다.
C:\Users\류화랑\source\repos\2017202082_DS_Project_2\2017202082_DS_Project_2\2017202082_DS_Project_2\HeaderTable.h(14,7): error C3203: 'pair': 특수화되지 않은 클래스 템플릿은(는) 템플릿 매개 변수 '_Ty'에 대한 템플릿 인수로 사용할 수 없습니다. 실제 형식이 필요합니다.
C:\Users\류화랑\source\repos\2017202082_DS_Project_2\2017202082_DS_Project_2\2017202082_DS_Project_2\HeaderTable.h(15,6): error C2065: 'string': 선언되지 않은 식별자입니다.
C:\Users\류화랑\source\repos\2017202082_DS_Project_2\2017202082_DS_Project_2\2017202082_DS_Project_2\HeaderTable.h(15,2): error C2923: 'std::map': 'string'은(는) '_Kty' 매개 변수에 대한 올바른 템플릿 형식 인수가 아닙니다.
C:\Users\류화랑\source\repos\2017202082_DS_Project_2\2017202082_DS_Project_2\2017202082_DS_Project_2\HeaderTable.h(15,2): error C2976: 'std::map': 템플릿 인수가 너무 적습니다.
C:\Program Files (x86)\Microsoft Visual Studio\2019\Community\VC\Tools\MSVC\14.26.28801\include\map(75): message : 'std::map' 선언을 참조하십시오.
C:\Users\류화랑\source\repos\2017202082_DS_Project_2\2017202082_DS_Project_2\2017202082_DS_Project_2\HeaderTable.h(16,25): error C2061: 구문 오류: 식별자 'string'
C:\Users\류화랑\source\repos\2017202082_DS_Project_2\2017202082_DS_Project_2\2017202082_DS_Project_2\HeaderTable.h(19,28): error C2061: 구문 오류: 식별자 'string'
C:\Users\류화랑\source\repos\2017202082_DS_Project_2\2017202082_DS_Project_2\2017202082_DS_Project_2\HeaderTable.h(11,16): error C2512: 'std::map': 사용할 수 있는 적절한 기본 생성자가 없습니다.
C:\Program Files (x86)\Microsoft Visual Studio\2019\Community\VC\Tools\MSVC\14.26.28801\include\map(75,71): message : 'std::map' 선언을 참조하십시오.
C:\Users\류화랑\source\repos\2017202082_DS_Project_2\2017202082_DS_Project_2\2017202082_DS_Project_2\HeaderTable.h(15,38): error C2440: 'return': 'std::map'에서 'std::map'(으)로 변환할 수 없습니다.
C:\Users\류화랑\source\repos\2017202082_DS_Project_2\2017202082_DS_Project_2\2017202082_DS_Project_2\HeaderTable.h(15,38): message : 복사 생성자가 모호하거나 사용할 수 있는 복사 생성자가 없어서 class 'std::map'을(를) 복사 생성할 수 없습니다.
C:\Users\류화랑\source\repos\2017202082_DS_Project_2\2017202082_DS_Project_2\2017202082_DS_Project_2\HeaderTable.h(16,55): error C2065: 'item': 선언되지 않은 식별자입니다.
C:\Users\류화랑\source\repos\2017202082_DS_Project_2\2017202082_DS_Project_2\2017202082_DS_Project_2\HeaderTable.h(17,66): error C2065: 'string': 선언되지 않은 식별자입니다.
C:\Users\류화랑\source\repos\2017202082_DS_Project_2\2017202082_DS_Project_2\2017202082_DS_Project_2\HeaderTable.h(17,56): error C2923: 'std::pair': 'string'은(는) '_Ty2' 매개 변수에 대한 올바른 템플릿 형식 인수가 아닙니다.
C:\Users\류화랑\source\repos\2017202082_DS_Project_2\2017202082_DS_Project_2\2017202082_DS_Project_2\HeaderTable.h(17,56): error C3203: 'pair': 특수화되지 않은 클래스 템플릿은(는) 템플릿 매개 변수 '_Ty'에 대한 템플릿 인수로 사용할 수 없습니다. 실제 형식이 필요합니다.
C:\Users\류화랑\source\repos\2017202082_DS_Project_2\2017202082_DS_Project_2\2017202082_DS_Project_2\FPGrowth.h(39,34): error C2660: 'HeaderTable::find_frequency': 함수는 1개의 인수를 사용하지 않습니다.
C:\Users\류화랑\source\repos\2017202082_DS_Project_2\2017202082_DS_Project_2\2017202082_DS_Project_2\HeaderTable.h(19,6): message : 'HeaderTable::find_frequency' 선언을 참조하십시오.
C:\Users\류화랑\source\repos\2017202082_DS_Project_2\2017202082_DS_Project_2\2017202082_DS_Project_2\FPGrowth.cpp(18,5): error C2662: 'allocator_traits<allocator_traits<_Traits::allocator_type>::rebind_alloc<_Traits::value_type>>::size_type std::_Tree<_Traits>::size(void) noexcept const': 'this' 포인터를 'std::map'에서 'const std::_Tree<_Traits> &'(으)로 변환할 수 없습니다.
C:\Users\류화랑\source\repos\2017202082_DS_Project_2\2017202082_DS_Project_2\2017202082_DS_Project_2\FPGrowth.cpp(18,5): message : 원인: 'std::map'에서 'const std::_Tree<_Traits>'(으)로 변환할 수 없습니다.
C:\Users\류화랑\source\repos\2017202082_DS_Project_2\2017202082_DS_Project_2\2017202082_DS_Project_2\FPGrowth.cpp(18,11): message : 변환하려면 둘째 사용자 정의 변환 연산자 또는 생성자가 있어야 합니다.
C:\Program Files (x86)\Microsoft Visual Studio\2019\Community\VC\Tools\MSVC\14.26.28801\include\xtree(1304,26): message : 'std::_Tree<_Traits>::size' 선언을 참조하십시오.
C:\Users\류화랑\source\repos\2017202082_DS_Project_2\2017202082_DS_Project_2\2017202082_DS_Project_2\FPGrowth.cpp(19,10): error C2662: 'allocator_traits<allocator_traits<_Traits::allocator_type>::rebind_alloc<_Traits::value_type>>::size_type std::_Tree<_Traits>::size(void) noexcept const': 'this' 포인터를 'std::map'에서 'const std::_Tree<_Traits> &'(으)로 변환할 수 없습니다.
C:\Users\류화랑\source\repos\2017202082_DS_Project_2\2017202082_DS_Project_2\2017202082_DS_Project_2\FPGrowth.cpp(19,10): message : 원인: 'std::map'에서 'const std::_Tree<_Traits>'(으)로 변환할 수 없습니다.
C:\Users\류화랑\source\repos\2017202082_DS_Project_2\2017202082_DS_Project_2\2017202082_DS_Project_2\FPGrowth.cpp(19,16): message : 변환하려면 둘째 사용자 정의 변환 연산자 또는 생성자가 있어야 합니다.
C:\Program Files (x86)\Microsoft Visual Studio\2019\Community\VC\Tools\MSVC\14.26.28801\include\xtree(1304,26): message : 'std::_Tree<_Traits>::size' 선언을 참조하십시오.
C:\Users\류화랑\source\repos\2017202082_DS_Project_2\2017202082_DS_Project_2\2017202082_DS_Project_2\FPGrowth.cpp(20,50): error C2663: 'std::_Tree<_Traits>::begin': 2개의 오버로드에서 'this' 포인터에 대한 변환이 잘못되었습니다.
C:\Users\류화랑\source\repos\2017202082_DS_Project_2\2017202082_DS_Project_2\2017202082_DS_Project_2\FPGrowth.cpp(33,21): warning C4018: '<': signed 또는 unsigned가 일치하지 않습니다.
  FPNode.cpp
C:\Users\류화랑\source\repos\2017202082_DS_Project_2\2017202082_DS_Project_2\2017202082_DS_Project_2\FPNode.h(14,6): error C2065: 'string': 선언되지 않은 식별자입니다.
C:\Users\류화랑\source\repos\2017202082_DS_Project_2\2017202082_DS_Project_2\2017202082_DS_Project_2\FPNode.h(14,2): error C2923: 'std::map': 'string'은(는) '_Kty' 매개 변수에 대한 올바른 템플릿 형식 인수가 아닙니다.
C:\Users\류화랑\source\repos\2017202082_DS_Project_2\2017202082_DS_Project_2\2017202082_DS_Project_2\FPNode.h(14,2): error C2976: 'std::map': 템플릿 인수가 너무 적습니다.
C:\Program Files (x86)\Microsoft Visual Studio\2019\Community\VC\Tools\MSVC\14.26.28801\include\map(75): message : 'std::map' 선언을 참조하십시오.
C:\Users\류화랑\source\repos\2017202082_DS_Project_2\2017202082_DS_Project_2\2017202082_DS_Project_2\FPNode.h(20,27): error C2061: 구문 오류: 식별자 'string'
C:\Users\류화랑\source\repos\2017202082_DS_Project_2\2017202082_DS_Project_2\2017202082_DS_Project_2\FPNode.h(28,33): error C2061: 구문 오류: 식별자 'string'
C:\Users\류화랑\source\repos\2017202082_DS_Project_2\2017202082_DS_Project_2\2017202082_DS_Project_2\FPNode.h(29,6): error C2065: 'string': 선언되지 않은 식별자입니다.
C:\Users\류화랑\source\repos\2017202082_DS_Project_2\2017202082_DS_Project_2\2017202082_DS_Project_2\FPNode.h(29,2): error C2923: 'std::map': 'string'은(는) '_Kty' 매개 변수에 대한 올바른 템플릿 형식 인수가 아닙니다.
C:\Users\류화랑\source\repos\2017202082_DS_Project_2\2017202082_DS_Project_2\2017202082_DS_Project_2\FPNode.h(29,2): error C2976: 'std::map': 템플릿 인수가 너무 적습니다.
C:\Program Files (x86)\Microsoft Visual Studio\2019\Community\VC\Tools\MSVC\14.26.28801\include\map(75): message : 'std::map' 선언을 참조하십시오.
C:\Users\류화랑\source\repos\2017202082_DS_Project_2\2017202082_DS_Project_2\2017202082_DS_Project_2\FPNode.h(20,69): error C2065: 'string': 선언되지 않은 식별자입니다.
C:\Users\류화랑\source\repos\2017202082_DS_Project_2\2017202082_DS_Project_2\2017202082_DS_Project_2\FPNode.h(20,65): error C2923: 'std::map': 'string'은(는) '_Kty' 매개 변수에 대한 올바른 템플릿 형식 인수가 아닙니다.
C:\Users\류화랑\source\repos\2017202082_DS_Project_2\2017202082_DS_Project_2\2017202082_DS_Project_2\FPNode.h(20,65): error C2976: 'std::map': 템플릿 인수가 너무 적습니다.
C:\Program Files (x86)\Microsoft Visual Studio\2019\Community\VC\Tools\MSVC\14.26.28801\include\map(75): message : 'std::map' 선언을 참조하십시오.
C:\Users\류화랑\source\repos\2017202082_DS_Project_2\2017202082_DS_Project_2\2017202082_DS_Project_2\FPNode.h(20,87): error C2955: 'std::map': 클래스 템플릿을(를) 사용하려면 템플릿 인수 목록이 필요합니다.
C:\Program Files (x86)\Microsoft Visual Studio\2019\Community\VC\Tools\MSVC\14.26.28801\include\map(75): message : 'std::map' 선언을 참조하십시오.
C:\Users\류화랑\source\repos\2017202082_DS_Project_2\2017202082_DS_Project_2\2017202082_DS_Project_2\FPNode.h(20,104): error C2065: 'node': 선언되지 않은 식별자입니다.
C:\Users\류화랑\source\repos\2017202082_DS_Project_2\2017202082_DS_Project_2\2017202082_DS_Project_2\FPNode.h(20,57): error C2663: 'std::_Tree<_Traits>::insert': 3개의 오버로드에서 'this' 포인터에 대한 변환이 잘못되었습니다.
C:\Users\류화랑\source\repos\2017202082_DS_Project_2\2017202082_DS_Project_2\2017202082_DS_Project_2\FPNode.h(21,29): error C4996: 'strcpy': This function or variable may be unsafe. Consider using strcpy_s instead. To disable deprecation, use _CRT_SECURE_NO_WARNINGS. See online help for details.
C:\Users\류화랑\source\repos\2017202082_DS_Project_2\2017202082_DS_Project_2\2017202082_DS_Project_2\FPNode.h(29,37): error C2440: 'return': 'std::map'에서 'std::map'(으)로 변환할 수 없습니다.
C:\Users\류화랑\source\repos\2017202082_DS_Project_2\2017202082_DS_Project_2\2017202082_DS_Project_2\FPNode.h(29,37): message : 복사 생성자가 모호하거나 사용할 수 있는 복사 생성자가 없어서 class 'std::map'을(를) 복사 생성할 수 없습니다.
C:\Users\류화랑\source\repos\2017202082_DS_Project_2\2017202082_DS_Project_2\2017202082_DS_Project_2\FPNode.cpp(4,1): error C2512: 'std::map': 사용할 수 있는 적절한 기본 생성자가 없습니다.
C:\Program Files (x86)\Microsoft Visual Studio\2019\Community\VC\Tools\MSVC\14.26.28801\include\map(75,71): message : 'std::map' 선언을 참조하십시오.
C:\Users\류화랑\source\repos\2017202082_DS_Project_2\2017202082_DS_Project_2\2017202082_DS_Project_2\FPNode.cpp(17,33): error C2065: 'string': 선언되지 않은 식별자입니다.
C:\Users\류화랑\source\repos\2017202082_DS_Project_2\2017202082_DS_Project_2\2017202082_DS_Project_2\FPNode.cpp(17,40): error C2146: 구문 오류: ')'이(가) 'item' 식별자 앞에 없습니다.
C:\Users\류화랑\source\repos\2017202082_DS_Project_2\2017202082_DS_Project_2\2017202082_DS_Project_2\FPNode.cpp(17,46): error C2143: 구문 오류: ';'이(가) '{' 앞에 없습니다.
C:\Users\류화랑\source\repos\2017202082_DS_Project_2\2017202082_DS_Project_2\2017202082_DS_Project_2\FPNode.cpp(17,46): error C2447: '{': 함수 헤더가 없습니다. 이전 스타일의 형식 목록입니까?
  HeaderTable.cpp
C:\Users\류화랑\source\repos\2017202082_DS_Project_2\2017202082_DS_Project_2\2017202082_DS_Project_2\FPNode.h(14,6): error C2065: 'string': 선언되지 않은 식별자입니다.
C:\Users\류화랑\source\repos\2017202082_DS_Project_2\2017202082_DS_Project_2\2017202082_DS_Project_2\FPNode.h(14,2): error C2923: 'std::map': 'string'은(는) '_Kty' 매개 변수에 대한 올바른 템플릿 형식 인수가 아닙니다.
C:\Users\류화랑\source\repos\2017202082_DS_Project_2\2017202082_DS_Project_2\2017202082_DS_Project_2\FPNode.h(14,2): error C2976: 'std::map': 템플릿 인수가 너무 적습니다.
C:\Program Files (x86)\Microsoft Visual Studio\2019\Community\VC\Tools\MSVC\14.26.28801\include\map(75): message : 'std::map' 선언을 참조하십시오.
C:\Users\류화랑\source\repos\2017202082_DS_Project_2\2017202082_DS_Project_2\2017202082_DS_Project_2\FPNode.h(20,27): error C2061: 구문 오류: 식별자 'string'
C:\Users\류화랑\source\repos\2017202082_DS_Project_2\2017202082_DS_Project_2\2017202082_DS_Project_2\FPNode.h(28,33): error C2061: 구문 오류: 식별자 'string'
C:\Users\류화랑\source\repos\2017202082_DS_Project_2\2017202082_DS_Project_2\2017202082_DS_Project_2\FPNode.h(29,6): error C2065: 'string': 선언되지 않은 식별자입니다.
C:\Users\류화랑\source\repos\2017202082_DS_Project_2\2017202082_DS_Project_2\2017202082_DS_Project_2\FPNode.h(29,2): error C2923: 'std::map': 'string'은(는) '_Kty' 매개 변수에 대한 올바른 템플릿 형식 인수가 아닙니다.
C:\Users\류화랑\source\repos\2017202082_DS_Project_2\2017202082_DS_Project_2\2017202082_DS_Project_2\FPNode.h(29,2): error C2976: 'std::map': 템플릿 인수가 너무 적습니다.
C:\Program Files (x86)\Microsoft Visual Studio\2019\Community\VC\Tools\MSVC\14.26.28801\include\map(75): message : 'std::map' 선언을 참조하십시오.
C:\Users\류화랑\source\repos\2017202082_DS_Project_2\2017202082_DS_Project_2\2017202082_DS_Project_2\FPNode.h(20,69): error C2065: 'string': 선언되지 않은 식별자입니다.
C:\Users\류화랑\source\repos\2017202082_DS_Project_2\2017202082_DS_Project_2\2017202082_DS_Project_2\FPNode.h(20,65): error C2923: 'std::map': 'string'은(는) '_Kty' 매개 변수에 대한 올바른 템플릿 형식 인수가 아닙니다.
C:\Users\류화랑\source\repos\2017202082_DS_Project_2\2017202082_DS_Project_2\2017202082_DS_Project_2\FPNode.h(20,65): error C2976: 'std::map': 템플릿 인수가 너무 적습니다.
C:\Program Files (x86)\Microsoft Visual Studio\2019\Community\VC\Tools\MSVC\14.26.28801\include\map(75): message : 'std::map' 선언을 참조하십시오.
C:\Users\류화랑\source\repos\2017202082_DS_Project_2\2017202082_DS_Project_2\2017202082_DS_Project_2\FPNode.h(20,87): error C2955: 'std::map': 클래스 템플릿을(를) 사용하려면 템플릿 인수 목록이 필요합니다.
C:\Program Files (x86)\Microsoft Visual Studio\2019\Community\VC\Tools\MSVC\14.26.28801\include\map(75): message : 'std::map' 선언을 참조하십시오.
C:\Users\류화랑\source\repos\2017202082_DS_Project_2\2017202082_DS_Project_2\2017202082_DS_Project_2\FPNode.h(20,104): error C2065: 'node': 선언되지 않은 식별자입니다.
C:\Users\류화랑\source\repos\2017202082_DS_Project_2\2017202082_DS_Project_2\2017202082_DS_Project_2\FPNode.h(20,57): error C2663: 'std::_Tree<_Traits>::insert': 3개의 오버로드에서 'this' 포인터에 대한 변환이 잘못되었습니다.
C:\Users\류화랑\source\repos\2017202082_DS_Project_2\2017202082_DS_Project_2\2017202082_DS_Project_2\FPNode.h(21,29): error C4996: 'strcpy': This function or variable may be unsafe. Consider using strcpy_s instead. To disable deprecation, use _CRT_SECURE_NO_WARNINGS. See online help for details.
C:\Users\류화랑\source\repos\2017202082_DS_Project_2\2017202082_DS_Project_2\2017202082_DS_Project_2\FPNode.h(29,37): error C2440: 'return': 'std::map'에서 'std::map'(으)로 변환할 수 없습니다.
C:\Users\류화랑\source\repos\2017202082_DS_Project_2\2017202082_DS_Project_2\2017202082_DS_Project_2\FPNode.h(29,37): message : 복사 생성자가 모호하거나 사용할 수 있는 복사 생성자가 없어서 class 'std::map'을(를) 복사 생성할 수 없습니다.
C:\Users\류화랑\source\repos\2017202082_DS_Project_2\2017202082_DS_Project_2\2017202082_DS_Project_2\HeaderTable.h(8,17): error C2065: 'string': 선언되지 않은 식별자입니다.
C:\Users\류화랑\source\repos\2017202082_DS_Project_2\2017202082_DS_Project_2\2017202082_DS_Project_2\HeaderTable.h(8,7): error C2923: 'std::pair': 'string'은(는) '_Ty2' 매개 변수에 대한 올바른 템플릿 형식 인수가 아닙니다.
C:\Users\류화랑\source\repos\2017202082_DS_Project_2\2017202082_DS_Project_2\2017202082_DS_Project_2\HeaderTable.h(8,7): error C3203: 'pair': 특수화되지 않은 클래스 템플릿은(는) 템플릿 매개 변수 '_Ty'에 대한 템플릿 인수로 사용할 수 없습니다. 실제 형식이 필요합니다.
C:\Users\류화랑\source\repos\2017202082_DS_Project_2\2017202082_DS_Project_2\2017202082_DS_Project_2\HeaderTable.h(9,6): error C2065: 'string': 선언되지 않은 식별자입니다.
C:\Users\류화랑\source\repos\2017202082_DS_Project_2\2017202082_DS_Project_2\2017202082_DS_Project_2\HeaderTable.h(9,2): error C2923: 'std::map': 'string'은(는) '_Kty' 매개 변수에 대한 올바른 템플릿 형식 인수가 아닙니다.
C:\Users\류화랑\source\repos\2017202082_DS_Project_2\2017202082_DS_Project_2\2017202082_DS_Project_2\HeaderTable.h(9,2): error C2976: 'std::map': 템플릿 인수가 너무 적습니다.
C:\Program Files (x86)\Microsoft Visual Studio\2019\Community\VC\Tools\MSVC\14.26.28801\include\map(75): message : 'std::map' 선언을 참조하십시오.
C:\Users\류화랑\source\repos\2017202082_DS_Project_2\2017202082_DS_Project_2\2017202082_DS_Project_2\HeaderTable.h(14,17): error C2065: 'string': 선언되지 않은 식별자입니다.
C:\Users\류화랑\source\repos\2017202082_DS_Project_2\2017202082_DS_Project_2\2017202082_DS_Project_2\HeaderTable.h(14,7): error C2923: 'std::pair': 'string'은(는) '_Ty2' 매개 변수에 대한 올바른 템플릿 형식 인수가 아닙니다.
C:\Users\류화랑\source\repos\2017202082_DS_Project_2\2017202082_DS_Project_2\2017202082_DS_Project_2\HeaderTable.h(14,7): error C3203: 'pair': 특수화되지 않은 클래스 템플릿은(는) 템플릿 매개 변수 '_Ty'에 대한 템플릿 인수로 사용할 수 없습니다. 실제 형식이 필요합니다.
C:\Users\류화랑\source\repos\2017202082_DS_Project_2\2017202082_DS_Project_2\2017202082_DS_Project_2\HeaderTable.h(15,6): error C2065: 'string': 선언되지 않은 식별자입니다.
C:\Users\류화랑\source\repos\2017202082_DS_Project_2\2017202082_DS_Project_2\2017202082_DS_Project_2\HeaderTable.h(15,2): error C2923: 'std::map': 'string'은(는) '_Kty' 매개 변수에 대한 올바른 템플릿 형식 인수가 아닙니다.
C:\Users\류화랑\source\repos\2017202082_DS_Project_2\2017202082_DS_Project_2\2017202082_DS_Project_2\HeaderTable.h(15,2): error C2976: 'std::map': 템플릿 인수가 너무 적습니다.
C:\Program Files (x86)\Microsoft Visual Studio\2019\Community\VC\Tools\MSVC\14.26.28801\include\map(75): message : 'std::map' 선언을 참조하십시오.
C:\Users\류화랑\source\repos\2017202082_DS_Project_2\2017202082_DS_Project_2\2017202082_DS_Project_2\HeaderTable.h(16,25): error C2061: 구문 오류: 식별자 'string'
C:\Users\류화랑\source\repos\2017202082_DS_Project_2\2017202082_DS_Project_2\2017202082_DS_Project_2\HeaderTable.h(19,28): error C2061: 구문 오류: 식별자 'string'
C:\Users\류화랑\source\repos\2017202082_DS_Project_2\2017202082_DS_Project_2\2017202082_DS_Project_2\HeaderTable.h(11,16): error C2512: 'std::map': 사용할 수 있는 적절한 기본 생성자가 없습니다.
C:\Program Files (x86)\Microsoft Visual Studio\2019\Community\VC\Tools\MSVC\14.26.28801\include\map(75,71): message : 'std::map' 선언을 참조하십시오.
C:\Users\류화랑\source\repos\2017202082_DS_Project_2\2017202082_DS_Project_2\2017202082_DS_Project_2\HeaderTable.h(15,38): error C2440: 'return': 'std::map'에서 'std::map'(으)로 변환할 수 없습니다.
C:\Users\류화랑\source\repos\2017202082_DS_Project_2\2017202082_DS_Project_2\2017202082_DS_Project_2\HeaderTable.h(15,38): message : 복사 생성자가 모호하거나 사용할 수 있는 복사 생성자가 없어서 class 'std::map'을(를) 복사 생성할 수 없습니다.
C:\Users\류화랑\source\repos\2017202082_DS_Project_2\2017202082_DS_Project_2\2017202082_DS_Project_2\HeaderTable.h(16,55): error C2065: 'item': 선언되지 않은 식별자입니다.
C:\Users\류화랑\source\repos\2017202082_DS_Project_2\2017202082_DS_Project_2\2017202082_DS_Project_2\HeaderTable.h(17,66): error C2065: 'string': 선언되지 않은 식별자입니다.
C:\Users\류화랑\source\repos\2017202082_DS_Project_2\2017202082_DS_Project_2\2017202082_DS_Project_2\HeaderTable.h(17,56): error C2923: 'std::pair': 'string'은(는) '_Ty2' 매개 변수에 대한 올바른 템플릿 형식 인수가 아닙니다.
C:\Users\류화랑\source\repos\2017202082_DS_Project_2\2017202082_DS_Project_2\2017202082_DS_Project_2\HeaderTable.h(17,56): error C3203: 'pair': 특수화되지 않은 클래스 템플릿은(는) 템플릿 매개 변수 '_Ty'에 대한 템플릿 인수로 사용할 수 없습니다. 실제 형식이 필요합니다.
C:\Users\류화랑\source\repos\2017202082_DS_Project_2\2017202082_DS_Project_2\2017202082_DS_Project_2\HeaderTable.cpp(11,33): error C2065: 'string': 선언되지 않은 식별자입니다.
C:\Users\류화랑\source\repos\2017202082_DS_Project_2\2017202082_DS_Project_2\2017202082_DS_Project_2\HeaderTable.cpp(11,40): error C2146: 구문 오류: ')'이(가) 'item' 식별자 앞에 없습니다.
C:\Users\류화랑\source\repos\2017202082_DS_Project_2\2017202082_DS_Project_2\2017202082_DS_Project_2\HeaderTable.cpp(11,45): error C2143: 구문 오류: ';'이(가) '{' 앞에 없습니다.
C:\Users\류화랑\source\repos\2017202082_DS_Project_2\2017202082_DS_Project_2\2017202082_DS_Project_2\HeaderTable.cpp(11,45): error C2447: '{': 함수 헤더가 없습니다. 이전 스타일의 형식 목록입니까?
  main.cpp
C:\Users\류화랑\source\repos\2017202082_DS_Project_2\2017202082_DS_Project_2\2017202082_DS_Project_2\FPNode.h(14,6): error C2065: 'string': 선언되지 않은 식별자입니다.
C:\Users\류화랑\source\repos\2017202082_DS_Project_2\2017202082_DS_Project_2\2017202082_DS_Project_2\FPNode.h(14,2): error C2923: 'std::map': 'string'은(는) '_Kty' 매개 변수에 대한 올바른 템플릿 형식 인수가 아닙니다.
C:\Users\류화랑\source\repos\2017202082_DS_Project_2\2017202082_DS_Project_2\2017202082_DS_Project_2\FPNode.h(14,2): error C2976: 'std::map': 템플릿 인수가 너무 적습니다.
C:\Program Files (x86)\Microsoft Visual Studio\2019\Community\VC\Tools\MSVC\14.26.28801\include\map(75): message : 'std::map' 선언을 참조하십시오.
C:\Users\류화랑\source\repos\2017202082_DS_Project_2\2017202082_DS_Project_2\2017202082_DS_Project_2\FPNode.h(20,27): error C2061: 구문 오류: 식별자 'string'
C:\Users\류화랑\source\repos\2017202082_DS_Project_2\2017202082_DS_Project_2\2017202082_DS_Project_2\FPNode.h(28,33): error C2061: 구문 오류: 식별자 'string'
C:\Users\류화랑\source\repos\2017202082_DS_Project_2\2017202082_DS_Project_2\2017202082_DS_Project_2\FPNode.h(29,6): error C2065: 'string': 선언되지 않은 식별자입니다.
C:\Users\류화랑\source\repos\2017202082_DS_Project_2\2017202082_DS_Project_2\2017202082_DS_Project_2\FPNode.h(29,2): error C2923: 'std::map': 'string'은(는) '_Kty' 매개 변수에 대한 올바른 템플릿 형식 인수가 아닙니다.
C:\Users\류화랑\source\repos\2017202082_DS_Project_2\2017202082_DS_Project_2\2017202082_DS_Project_2\FPNode.h(29,2): error C2976: 'std::map': 템플릿 인수가 너무 적습니다.
C:\Program Files (x86)\Microsoft Visual Studio\2019\Community\VC\Tools\MSVC\14.26.28801\include\map(75): message : 'std::map' 선언을 참조하십시오.
C:\Users\류화랑\source\repos\2017202082_DS_Project_2\2017202082_DS_Project_2\2017202082_DS_Project_2\FPNode.h(20,69): error C2065: 'string': 선언되지 않은 식별자입니다.
C:\Users\류화랑\source\repos\2017202082_DS_Project_2\2017202082_DS_Project_2\2017202082_DS_Project_2\FPNode.h(20,65): error C2923: 'std::map': 'string'은(는) '_Kty' 매개 변수에 대한 올바른 템플릿 형식 인수가 아닙니다.
C:\Users\류화랑\source\repos\2017202082_DS_Project_2\2017202082_DS_Project_2\2017202082_DS_Project_2\FPNode.h(20,65): error C2976: 'std::map': 템플릿 인수가 너무 적습니다.
C:\Program Files (x86)\Microsoft Visual Studio\2019\Community\VC\Tools\MSVC\14.26.28801\include\map(75): message : 'std::map' 선언을 참조하십시오.
C:\Users\류화랑\source\repos\2017202082_DS_Project_2\2017202082_DS_Project_2\2017202082_DS_Project_2\FPNode.h(20,87): error C2955: 'std::map': 클래스 템플릿을(를) 사용하려면 템플릿 인수 목록이 필요합니다.
C:\Program Files (x86)\Microsoft Visual Studio\2019\Community\VC\Tools\MSVC\14.26.28801\include\map(75): message : 'std::map' 선언을 참조하십시오.
C:\Users\류화랑\source\repos\2017202082_DS_Project_2\2017202082_DS_Project_2\2017202082_DS_Project_2\FPNode.h(20,104): error C2065: 'node': 선언되지 않은 식별자입니다.
C:\Users\류화랑\source\repos\2017202082_DS_Project_2\2017202082_DS_Project_2\2017202082_DS_Project_2\FPNode.h(20,57): error C2663: 'std::_Tree<_Traits>::insert': 3개의 오버로드에서 'this' 포인터에 대한 변환이 잘못되었습니다.
C:\Users\류화랑\source\repos\2017202082_DS_Project_2\2017202082_DS_Project_2\2017202082_DS_Project_2\FPNode.h(21,29): error C4996: 'strcpy': This function or variable may be unsafe. Consider using strcpy_s instead. To disable deprecation, use _CRT_SECURE_NO_WARNINGS. See online help for details.
C:\Users\류화랑\source\repos\2017202082_DS_Project_2\2017202082_DS_Project_2\2017202082_DS_Project_2\FPNode.h(29,37): error C2440: 'return': 'std::map'에서 'std::map'(으)로 변환할 수 없습니다.
C:\Users\류화랑\source\repos\2017202082_DS_Project_2\2017202082_DS_Project_2\2017202082_DS_Project_2\FPNode.h(29,37): message : 복사 생성자가 모호하거나 사용할 수 있는 복사 생성자가 없어서 class 'std::map'을(를) 복사 생성할 수 없습니다.
C:\Users\류화랑\source\repos\2017202082_DS_Project_2\2017202082_DS_Project_2\2017202082_DS_Project_2\HeaderTable.h(8,17): error C2065: 'string': 선언되지 않은 식별자입니다.
C:\Users\류화랑\source\repos\2017202082_DS_Project_2\2017202082_DS_Project_2\2017202082_DS_Project_2\HeaderTable.h(8,7): error C2923: 'std::pair': 'string'은(는) '_Ty2' 매개 변수에 대한 올바른 템플릿 형식 인수가 아닙니다.
C:\Users\류화랑\source\repos\2017202082_DS_Project_2\2017202082_DS_Project_2\2017202082_DS_Project_2\HeaderTable.h(8,7): error C3203: 'pair': 특수화되지 않은 클래스 템플릿은(는) 템플릿 매개 변수 '_Ty'에 대한 템플릿 인수로 사용할 수 없습니다. 실제 형식이 필요합니다.
C:\Users\류화랑\source\repos\2017202082_DS_Project_2\2017202082_DS_Project_2\2017202082_DS_Project_2\HeaderTable.h(9,6): error C2065: 'string': 선언되지 않은 식별자입니다.
C:\Users\류화랑\source\repos\2017202082_DS_Project_2\2017202082_DS_Project_2\2017202082_DS_Project_2\HeaderTable.h(9,2): error C2923: 'std::map': 'string'은(는) '_Kty' 매개 변수에 대한 올바른 템플릿 형식 인수가 아닙니다.
C:\Users\류화랑\source\repos\2017202082_DS_Project_2\2017202082_DS_Project_2\2017202082_DS_Project_2\HeaderTable.h(9,2): error C2976: 'std::map': 템플릿 인수가 너무 적습니다.
C:\Program Files (x86)\Microsoft Visual Studio\2019\Community\VC\Tools\MSVC\14.26.28801\include\map(75): message : 'std::map' 선언을 참조하십시오.
C:\Users\류화랑\source\repos\2017202082_DS_Project_2\2017202082_DS_Project_2\2017202082_DS_Project_2\HeaderTable.h(14,17): error C2065: 'string': 선언되지 않은 식별자입니다.
C:\Users\류화랑\source\repos\2017202082_DS_Project_2\2017202082_DS_Project_2\2017202082_DS_Project_2\HeaderTable.h(14,7): error C2923: 'std::pair': 'string'은(는) '_Ty2' 매개 변수에 대한 올바른 템플릿 형식 인수가 아닙니다.
C:\Users\류화랑\source\repos\2017202082_DS_Project_2\2017202082_DS_Project_2\2017202082_DS_Project_2\HeaderTable.h(14,7): error C3203: 'pair': 특수화되지 않은 클래스 템플릿은(는) 템플릿 매개 변수 '_Ty'에 대한 템플릿 인수로 사용할 수 없습니다. 실제 형식이 필요합니다.
C:\Users\류화랑\source\repos\2017202082_DS_Project_2\2017202082_DS_Project_2\2017202082_DS_Project_2\HeaderTable.h(15,6): error C2065: 'string': 선언되지 않은 식별자입니다.
C:\Users\류화랑\source\repos\2017202082_DS_Project_2\2017202082_DS_Project_2\2017202082_DS_Project_2\HeaderTable.h(15,2): error C2923: 'std::map': 'string'은(는) '_Kty' 매개 변수에 대한 올바른 템플릿 형식 인수가 아닙니다.
C:\Users\류화랑\source\repos\2017202082_DS_Project_2\2017202082_DS_Project_2\2017202082_DS_Project_2\HeaderTable.h(15,2): error C2976: 'std::map': 템플릿 인수가 너무 적습니다.
C:\Program Files (x86)\Microsoft Visual Studio\2019\Community\VC\Tools\MSVC\14.26.28801\include\map(75): message : 'std::map' 선언을 참조하십시오.
C:\Users\류화랑\source\repos\2017202082_DS_Project_2\2017202082_DS_Project_2\2017202082_DS_Project_2\HeaderTable.h(16,25): error C2061: 구문 오류: 식별자 'string'
C:\Users\류화랑\source\repos\2017202082_DS_Project_2\2017202082_DS_Project_2\2017202082_DS_Project_2\HeaderTable.h(19,28): error C2061: 구문 오류: 식별자 'string'
C:\Users\류화랑\source\repos\2017202082_DS_Project_2\2017202082_DS_Project_2\2017202082_DS_Project_2\HeaderTable.h(11,16): error C2512: 'std::map': 사용할 수 있는 적절한 기본 생성자가 없습니다.
C:\Program Files (x86)\Microsoft Visual Studio\2019\Community\VC\Tools\MSVC\14.26.28801\include\map(75,71): message : 'std::map' 선언을 참조하십시오.
C:\Users\류화랑\source\repos\2017202082_DS_Project_2\2017202082_DS_Project_2\2017202082_DS_Project_2\HeaderTable.h(15,38): error C2440: 'return': 'std::map'에서 'std::map'(으)로 변환할 수 없습니다.
C:\Users\류화랑\source\repos\2017202082_DS_Project_2\2017202082_DS_Project_2\2017202082_DS_Project_2\HeaderTable.h(15,38): message : 복사 생성자가 모호하거나 사용할 수 있는 복사 생성자가 없어서 class 'std::map'을(를) 복사 생성할 수 없습니다.
C:\Users\류화랑\source\repos\2017202082_DS_Project_2\2017202082_DS_Project_2\2017202082_DS_Project_2\HeaderTable.h(16,55): error C2065: 'item': 선언되지 않은 식별자입니다.
C:\Users\류화랑\source\repos\2017202082_DS_Project_2\2017202082_DS_Project_2\2017202082_DS_Project_2\HeaderTable.h(17,66): error C2065: 'string': 선언되지 않은 식별자입니다.
C:\Users\류화랑\source\repos\2017202082_DS_Project_2\2017202082_DS_Project_2\2017202082_DS_Project_2\HeaderTable.h(17,56): error C2923: 'std::pair': 'string'은(는) '_Ty2' 매개 변수에 대한 올바른 템플릿 형식 인수가 아닙니다.
C:\Users\류화랑\source\repos\2017202082_DS_Project_2\2017202082_DS_Project_2\2017202082_DS_Project_2\HeaderTable.h(17,56): error C3203: 'pair': 특수화되지 않은 클래스 템플릿은(는) 템플릿 매개 변수 '_Ty'에 대한 템플릿 인수로 사용할 수 없습니다. 실제 형식이 필요합니다.
C:\Users\류화랑\source\repos\2017202082_DS_Project_2\2017202082_DS_Project_2\2017202082_DS_Project_2\FPGrowth.h(39,34): error C2660: 'HeaderTable::find_frequency': 함수는 1개의 인수를 사용하지 않습니다.
C:\Users\류화랑\source\repos\2017202082_DS_Project_2\2017202082_DS_Project_2\2017202082_DS_Project_2\HeaderTable.h(19,6): message : 'HeaderTable::find_frequency' 선언을 참조하십시오.
C:\Users\류화랑\source\repos\2017202082_DS_Project_2\2017202082_DS_Project_2\2017202082_DS_Project_2\FrequentPatternNode.h(15,24): error C2535: 'FrequentPatternNode::FrequentPatternNode(void)': 멤버 함수를 이미 정의했거나 선언했습니다.
C:\Users\류화랑\source\repos\2017202082_DS_Project_2\2017202082_DS_Project_2\2017202082_DS_Project_2\FrequentPatternNode.h(14): message : 'FrequentPatternNode::FrequentPatternNode' 선언을 참조하십시오.
C:\Users\류화랑\source\repos\2017202082_DS_Project_2\2017202082_DS_Project_2\2017202082_DS_Project_2\FrequentPatternNode.h(15,26): error C2065: 'SubSetList': 선언되지 않은 식별자입니다.
  Manager.cpp
C:\Users\류화랑\source\repos\2017202082_DS_Project_2\2017202082_DS_Project_2\2017202082_DS_Project_2\FPNode.h(14,6): error C2065: 'string': 선언되지 않은 식별자입니다.
C:\Users\류화랑\source\repos\2017202082_DS_Project_2\2017202082_DS_Project_2\2017202082_DS_Project_2\FPNode.h(14,2): error C2923: 'std::map': 'string'은(는) '_Kty' 매개 변수에 대한 올바른 템플릿 형식 인수가 아닙니다.
C:\Users\류화랑\source\repos\2017202082_DS_Project_2\2017202082_DS_Project_2\2017202082_DS_Project_2\FPNode.h(14,2): error C2976: 'std::map': 템플릿 인수가 너무 적습니다.
C:\Program Files (x86)\Microsoft Visual Studio\2019\Community\VC\Tools\MSVC\14.26.28801\include\map(75): message : 'std::map' 선언을 참조하십시오.
C:\Users\류화랑\source\repos\2017202082_DS_Project_2\2017202082_DS_Project_2\2017202082_DS_Project_2\FPNode.h(20,27): error C2061: 구문 오류: 식별자 'string'
C:\Users\류화랑\source\repos\2017202082_DS_Project_2\2017202082_DS_Project_2\2017202082_DS_Project_2\FPNode.h(28,33): error C2061: 구문 오류: 식별자 'string'
C:\Users\류화랑\source\repos\2017202082_DS_Project_2\2017202082_DS_Project_2\2017202082_DS_Project_2\FPNode.h(29,6): error C2065: 'string': 선언되지 않은 식별자입니다.
C:\Users\류화랑\source\repos\2017202082_DS_Project_2\2017202082_DS_Project_2\2017202082_DS_Project_2\FPNode.h(29,2): error C2923: 'std::map': 'string'은(는) '_Kty' 매개 변수에 대한 올바른 템플릿 형식 인수가 아닙니다.
C:\Users\류화랑\source\repos\2017202082_DS_Project_2\2017202082_DS_Project_2\2017202082_DS_Project_2\FPNode.h(29,2): error C2976: 'std::map': 템플릿 인수가 너무 적습니다.
C:\Program Files (x86)\Microsoft Visual Studio\2019\Community\VC\Tools\MSVC\14.26.28801\include\map(75): message : 'std::map' 선언을 참조하십시오.
C:\Users\류화랑\source\repos\2017202082_DS_Project_2\2017202082_DS_Project_2\2017202082_DS_Project_2\FPNode.h(20,69): error C2065: 'string': 선언되지 않은 식별자입니다.
C:\Users\류화랑\source\repos\2017202082_DS_Project_2\2017202082_DS_Project_2\2017202082_DS_Project_2\FPNode.h(20,65): error C2923: 'std::map': 'string'은(는) '_Kty' 매개 변수에 대한 올바른 템플릿 형식 인수가 아닙니다.
C:\Users\류화랑\source\repos\2017202082_DS_Project_2\2017202082_DS_Project_2\2017202082_DS_Project_2\FPNode.h(20,65): error C2976: 'std::map': 템플릿 인수가 너무 적습니다.
C:\Program Files (x86)\Microsoft Visual Studio\2019\Community\VC\Tools\MSVC\14.26.28801\include\map(75): message : 'std::map' 선언을 참조하십시오.
C:\Users\류화랑\source\repos\2017202082_DS_Project_2\2017202082_DS_Project_2\2017202082_DS_Project_2\FPNode.h(20,87): error C2955: 'std::map': 클래스 템플릿을(를) 사용하려면 템플릿 인수 목록이 필요합니다.
C:\Program Files (x86)\Microsoft Visual Studio\2019\Community\VC\Tools\MSVC\14.26.28801\include\map(75): message : 'std::map' 선언을 참조하십시오.
C:\Users\류화랑\source\repos\2017202082_DS_Project_2\2017202082_DS_Project_2\2017202082_DS_Project_2\FPNode.h(20,104): error C2065: 'node': 선언되지 않은 식별자입니다.
C:\Users\류화랑\source\repos\2017202082_DS_Project_2\2017202082_DS_Project_2\2017202082_DS_Project_2\FPNode.h(20,57): error C2663: 'std::_Tree<_Traits>::insert': 3개의 오버로드에서 'this' 포인터에 대한 변환이 잘못되었습니다.
C:\Users\류화랑\source\repos\2017202082_DS_Project_2\2017202082_DS_Project_2\2017202082_DS_Project_2\FPNode.h(21,29): error C4996: 'strcpy': This function or variable may be unsafe. Consider using strcpy_s instead. To disable deprecation, use _CRT_SECURE_NO_WARNINGS. See online help for details.
C:\Users\류화랑\source\repos\2017202082_DS_Project_2\2017202082_DS_Project_2\2017202082_DS_Project_2\FPNode.h(29,37): error C2440: 'return': 'std::map'에서 'std::map'(으)로 변환할 수 없습니다.
C:\Users\류화랑\source\repos\2017202082_DS_Project_2\2017202082_DS_Project_2\2017202082_DS_Project_2\FPNode.h(29,37): message : 복사 생성자가 모호하거나 사용할 수 있는 복사 생성자가 없어서 class 'std::map'을(를) 복사 생성할 수 없습니다.
C:\Users\류화랑\source\repos\2017202082_DS_Project_2\2017202082_DS_Project_2\2017202082_DS_Project_2\HeaderTable.h(8,17): error C2065: 'string': 선언되지 않은 식별자입니다.
C:\Users\류화랑\source\repos\2017202082_DS_Project_2\2017202082_DS_Project_2\2017202082_DS_Project_2\HeaderTable.h(8,7): error C2923: 'std::pair': 'string'은(는) '_Ty2' 매개 변수에 대한 올바른 템플릿 형식 인수가 아닙니다.
C:\Users\류화랑\source\repos\2017202082_DS_Project_2\2017202082_DS_Project_2\2017202082_DS_Project_2\HeaderTable.h(8,7): error C3203: 'pair': 특수화되지 않은 클래스 템플릿은(는) 템플릿 매개 변수 '_Ty'에 대한 템플릿 인수로 사용할 수 없습니다. 실제 형식이 필요합니다.
C:\Users\류화랑\source\repos\2017202082_DS_Project_2\2017202082_DS_Project_2\2017202082_DS_Project_2\HeaderTable.h(9,6): error C2065: 'string': 선언되지 않은 식별자입니다.
C:\Users\류화랑\source\repos\2017202082_DS_Project_2\2017202082_DS_Project_2\2017202082_DS_Project_2\HeaderTable.h(9,2): error C2923: 'std::map': 'string'은(는) '_Kty' 매개 변수에 대한 올바른 템플릿 형식 인수가 아닙니다.
C:\Users\류화랑\source\repos\2017202082_DS_Project_2\2017202082_DS_Project_2\2017202082_DS_Project_2\HeaderTable.h(9,2): error C2976: 'std::map': 템플릿 인수가 너무 적습니다.
C:\Program Files (x86)\Microsoft Visual Studio\2019\Community\VC\Tools\MSVC\14.26.28801\include\map(75): message : 'std::map' 선언을 참조하십시오.
C:\Users\류화랑\source\repos\2017202082_DS_Project_2\2017202082_DS_Project_2\2017202082_DS_Project_2\HeaderTable.h(14,17): error C2065: 'string': 선언되지 않은 식별자입니다.
C:\Users\류화랑\source\repos\2017202082_DS_Project_2\2017202082_DS_Project_2\2017202082_DS_Project_2\HeaderTable.h(14,7): error C2923: 'std::pair': 'string'은(는) '_Ty2' 매개 변수에 대한 올바른 템플릿 형식 인수가 아닙니다.
C:\Users\류화랑\source\repos\2017202082_DS_Project_2\2017202082_DS_Project_2\2017202082_DS_Project_2\HeaderTable.h(14,7): error C3203: 'pair': 특수화되지 않은 클래스 템플릿은(는) 템플릿 매개 변수 '_Ty'에 대한 템플릿 인수로 사용할 수 없습니다. 실제 형식이 필요합니다.
C:\Users\류화랑\source\repos\2017202082_DS_Project_2\2017202082_DS_Project_2\2017202082_DS_Project_2\HeaderTable.h(15,6): error C2065: 'string': 선언되지 않은 식별자입니다.
C:\Users\류화랑\source\repos\2017202082_DS_Project_2\2017202082_DS_Project_2\2017202082_DS_Project_2\HeaderTable.h(15,2): error C2923: 'std::map': 'string'은(는) '_Kty' 매개 변수에 대한 올바른 템플릿 형식 인수가 아닙니다.
C:\Users\류화랑\source\repos\2017202082_DS_Project_2\2017202082_DS_Project_2\2017202082_DS_Project_2\HeaderTable.h(15,2): error C2976: 'std::map': 템플릿 인수가 너무 적습니다.
C:\Program Files (x86)\Microsoft Visual Studio\2019\Community\VC\Tools\MSVC\14.26.28801\include\map(75): message : 'std::map' 선언을 참조하십시오.
C:\Users\류화랑\source\repos\2017202082_DS_Project_2\2017202082_DS_Project_2\2017202082_DS_Project_2\HeaderTable.h(16,25): error C2061: 구문 오류: 식별자 'string'
C:\Users\류화랑\source\repos\2017202082_DS_Project_2\2017202082_DS_Project_2\2017202082_DS_Project_2\HeaderTable.h(19,28): error C2061: 구문 오류: 식별자 'string'
C:\Users\류화랑\source\repos\2017202082_DS_Project_2\2017202082_DS_Project_2\2017202082_DS_Project_2\HeaderTable.h(11,16): error C2512: 'std::map': 사용할 수 있는 적절한 기본 생성자가 없습니다.
C:\Program Files (x86)\Microsoft Visual Studio\2019\Community\VC\Tools\MSVC\14.26.28801\include\map(75,71): message : 'std::map' 선언을 참조하십시오.
C:\Users\류화랑\source\repos\2017202082_DS_Project_2\2017202082_DS_Project_2\2017202082_DS_Project_2\HeaderTable.h(15,38): error C2440: 'return': 'std::map'에서 'std::map'(으)로 변환할 수 없습니다.
C:\Users\류화랑\source\repos\2017202082_DS_Project_2\2017202082_DS_Project_2\2017202082_DS_Project_2\HeaderTable.h(15,38): message : 복사 생성자가 모호하거나 사용할 수 있는 복사 생성자가 없어서 class 'std::map'을(를) 복사 생성할 수 없습니다.
C:\Users\류화랑\source\repos\2017202082_DS_Project_2\2017202082_DS_Project_2\2017202082_DS_Project_2\HeaderTable.h(16,55): error C2065: 'item': 선언되지 않은 식별자입니다.
C:\Users\류화랑\source\repos\2017202082_DS_Project_2\2017202082_DS_Project_2\2017202082_DS_Project_2\HeaderTable.h(17,66): error C2065: 'string': 선언되지 않은 식별자입니다.
C:\Users\류화랑\source\repos\2017202082_DS_Project_2\2017202082_DS_Project_2\2017202082_DS_Project_2\HeaderTable.h(17,56): error C2923: 'std::pair': 'string'은(는) '_Ty2' 매개 변수에 대한 올바른 템플릿 형식 인수가 아닙니다.
C:\Users\류화랑\source\repos\2017202082_DS_Project_2\2017202082_DS_Project_2\2017202082_DS_Project_2\HeaderTable.h(17,56): error C3203: 'pair': 특수화되지 않은 클래스 템플릿은(는) 템플릿 매개 변수 '_Ty'에 대한 템플릿 인수로 사용할 수 없습니다. 실제 형식이 필요합니다.
C:\Users\류화랑\source\repos\2017202082_DS_Project_2\2017202082_DS_Project_2\2017202082_DS_Project_2\FPGrowth.h(39,34): error C2660: 'HeaderTable::find_frequency': 함수는 1개의 인수를 사용하지 않습니다.
C:\Users\류화랑\source\repos\2017202082_DS_Project_2\2017202082_DS_Project_2\2017202082_DS_Project_2\HeaderTable.h(19,6): message : 'HeaderTable::find_frequency' 선언을 참조하십시오.
C:\Users\류화랑\source\repos\2017202082_DS_Project_2\2017202082_DS_Project_2\2017202082_DS_Project_2\FrequentPatternNode.h(15,24): error C2535: 'FrequentPatternNode::FrequentPatternNode(void)': 멤버 함수를 이미 정의했거나 선언했습니다.
C:\Users\류화랑\source\repos\2017202082_DS_Project_2\2017202082_DS_Project_2\2017202082_DS_Project_2\FrequentPatternNode.h(14): message : 'FrequentPatternNode::FrequentPatternNode' 선언을 참조하십시오.
C:\Users\류화랑\source\repos\2017202082_DS_Project_2\2017202082_DS_Project_2\2017202082_DS_Project_2\FrequentPatternNode.h(15,26): error C2065: 'SubSetList': 선언되지 않은 식별자입니다.
C:\Users\류화랑\source\repos\2017202082_DS_Project_2\2017202082_DS_Project_2\2017202082_DS_Project_2\Manager.cpp(20,1): error C2601: 'Manager::LOAD': 지역 함수 정의가 잘못되었습니다.
C:\Users\류화랑\source\repos\2017202082_DS_Project_2\2017202082_DS_Project_2\2017202082_DS_Project_2\Manager.cpp(4): message : 이 줄에 짝이 되지 않는 '{'가 들어 있습니다.
C:\Users\류화랑\source\repos\2017202082_DS_Project_2\2017202082_DS_Project_2\2017202082_DS_Project_2\Manager.cpp(28,1): error C2601: 'Manager::BTLOAD': 지역 함수 정의가 잘못되었습니다.
C:\Users\류화랑\source\repos\2017202082_DS_Project_2\2017202082_DS_Project_2\2017202082_DS_Project_2\Manager.cpp(4): message : 이 줄에 짝이 되지 않는 '{'가 들어 있습니다.
C:\Users\류화랑\source\repos\2017202082_DS_Project_2\2017202082_DS_Project_2\2017202082_DS_Project_2\Manager.cpp(35,1): error C2601: 'Manager::PRINT_ITEMLIST': 지역 함수 정의가 잘못되었습니다.
C:\Users\류화랑\source\repos\2017202082_DS_Project_2\2017202082_DS_Project_2\2017202082_DS_Project_2\Manager.cpp(37,60): error C2511: 'bool Manager::PRINT_FPTREE(char *,int,int)': 오버로드된 멤버 함수가 'Manager'에 없습니다.
C:\Users\류화랑\source\repos\2017202082_DS_Project_2\2017202082_DS_Project_2\2017202082_DS_Project_2\Manager.h(5): message : 'Manager' 선언을 참조하십시오.
C:\Users\류화랑\source\repos\2017202082_DS_Project_2\2017202082_DS_Project_2\2017202082_DS_Project_2\Manager.cpp(4): fatal error C1075: '{': 일치하는 토큰을 찾을 수 없습니다.
  코드를 생성하고 있습니다...
