c:\users\류화랑\source\repos\2017202082_ds_project_2\2017202082_ds_project_2\2017202082_ds_project_2\debug\vc142.pdb
c:\users\류화랑\source\repos\2017202082_ds_project_2\2017202082_ds_project_2\2017202082_ds_project_2\debug\vc142.idb
c:\users\류화랑\source\repos\2017202082_ds_project_2\2017202082_ds_project_2\2017202082_ds_project_2\debug\manager.obj
c:\users\류화랑\source\repos\2017202082_ds_project_2\2017202082_ds_project_2\2017202082_ds_project_2\debug\main.obj
c:\users\류화랑\source\repos\2017202082_ds_project_2\2017202082_ds_project_2\2017202082_ds_project_2\debug\fpgrowth.obj
c:\users\류화랑\source\repos\2017202082_ds_project_2\2017202082_ds_project_2\2017202082_ds_project_2\debug\headertable.obj
c:\users\류화랑\source\repos\2017202082_ds_project_2\2017202082_ds_project_2\2017202082_ds_project_2\debug\fpnode.obj
c:\users\류화랑\source\repos\2017202082_ds_project_2\2017202082_ds_project_2\2017202082_ds_project_2\debug\bptree.obj
c:\users\rang2\source\repos\datastructureproject2\debug\vc142.pdb
c:\users\rang2\source\repos\datastructureproject2\debug\vc142.idb
c:\users\rang2\source\repos\datastructureproject2\debug\manager.obj
c:\users\rang2\source\repos\datastructureproject2\debug\main.obj
c:\users\rang2\source\repos\datastructureproject2\debug\headertable.obj
c:\users\rang2\source\repos\datastructureproject2\debug\fpnode.obj
c:\users\rang2\source\repos\datastructureproject2\debug\fpgrowth.obj
c:\users\rang2\source\repos\datastructureproject2\debug\bptree.obj
c:\users\류화랑\source\repos\2017202082_ds_project_2\2017202082_ds_project_2\debug\2017202082_ds_project_2.exe
c:\users\류화랑\source\repos\2017202082_ds_project_2\2017202082_ds_project_2\debug\2017202082_ds_project_2.ilk
c:\users\류화랑\source\repos\2017202082_ds_project_2\2017202082_ds_project_2\debug\2017202082_ds_project_2.pdb
c:\users\rang2\source\repos\datastructureproject2\debug\2017202082_ds_project_2.exe
c:\users\rang2\source\repos\datastructureproject2\debug\2017202082_ds_project_2.ilk
c:\users\rang2\source\repos\datastructureproject2\debug\2017202082_ds_project_2.pdb
c:\users\rang2\source\repos\datastructureproject2\debug\20172020.fad8fb8e.tlog\cl.command.1.tlog
c:\users\rang2\source\repos\datastructureproject2\debug\20172020.fad8fb8e.tlog\cl.read.1.tlog
c:\users\rang2\source\repos\datastructureproject2\debug\20172020.fad8fb8e.tlog\cl.write.1.tlog
c:\users\rang2\source\repos\datastructureproject2\debug\20172020.fad8fb8e.tlog\link.command.1.tlog
c:\users\rang2\source\repos\datastructureproject2\debug\20172020.fad8fb8e.tlog\link.read.1.tlog
c:\users\rang2\source\repos\datastructureproject2\debug\20172020.fad8fb8e.tlog\link.write.1.tlog
